<?xml version="1.0" encoding="utf-8"?><testsuites name="pytest tests"><testsuite name="pytest" errors="0" failures="0" skipped="0" tests="5" time="11.505" timestamp="2026-04-14T11:38:40.677996+05:30" hostname="Kaustubhs-Pavilion-15"><testcase classname="tests.test_full_network_assessment" name="test_run_full_network_assessment_builds_coverage_context" time="0.033" /><testcase classname="tests.test_full_network_assessment" name="test_run_cognitive_workflow_receives_coverage_context_state" time="0.032" /><testcase classname="tests.test_full_network_assessment" name="test_run_cognitive_workflow_custom_nodes_coverage_pass_through" time="0.031" /><testcase classname="tests.test_full_network_assessment" name="test_run_cognitive_workflow_normalizes_malformed_full_network_coverage" time="0.027" /><testcase classname="tests.test_full_network_assessment" name="test_full_network_assessment_coverage_invariants" time="0.027" /></testsuite></testsuites>